<?xml version="1.0" encoding="UTF-8"?>
<!-- Generated by org.testng.reporters.JUnitXMLReporter -->
<testsuite ignored="0" hostname="HarPalDiv" failures="0" tests="4" name="Default test" time="8.966" errors="0" timestamp="2023-07-16T21:27:46 IST">
  <testcase classname="com.testautomation.apitesting.tests.DataDrivenTestingUsingJSONFile" name="DataDrivenTestingusingJSON" time="4.912"/>
  <testcase classname="com.testautomation.apitesting.tests.DataDrivenTestingUsingJSONFile" name="DataDrivenTestingusingJSON" time="1.2"/>
  <testcase classname="com.testautomation.apitesting.tests.DataDrivenTestingUsingJSONFile" name="DataDrivenTestingusingJSON" time="1.159"/>
  <testcase classname="com.testautomation.apitesting.tests.DataDrivenTestingUsingJSONFile" name="DataDrivenTestingusingJSON" time="1.221"/>
</testsuite> <!-- Default test -->
