<?xml version="1.0" encoding="UTF-8"?>
<!-- Generated by org.testng.reporters.JUnitXMLReporter -->
<testsuite ignored="0" hostname="HarPalDiv" failures="0" tests="4" name="Test" time="8.777" errors="0" timestamp="2023-07-16T21:30:36 IST">
  <testcase classname="com.testautomation.apitesting.tests.DataDrivenTestingUsingJSONFile" name="DataDrivenTestingusingJSON" time="4.845"/>
  <testcase classname="com.testautomation.apitesting.tests.DataDrivenTestingUsingJSONFile" name="DataDrivenTestingusingJSON" time="1.166"/>
  <testcase classname="com.testautomation.apitesting.tests.DataDrivenTestingUsingJSONFile" name="DataDrivenTestingusingJSON" time="1.185"/>
  <testcase classname="com.testautomation.apitesting.tests.DataDrivenTestingUsingJSONFile" name="DataDrivenTestingusingJSON" time="1.14"/>
</testsuite> <!-- Test -->
