<?xml version="1.0" encoding="UTF-8"?>
<testng-results ignored="0" total="4" passed="4" failed="0" skipped="0">
  <reporter-output>
  </reporter-output>
  <suite started-at="2023-07-16T21:30:27 IST" name="Suite" finished-at="2023-07-16T21:30:36 IST" duration-ms="8777">
    <groups>
    </groups>
    <test started-at="2023-07-16T21:30:27 IST" name="Test" finished-at="2023-07-16T21:30:36 IST" duration-ms="8777">
      <class name="com.testautomation.apitesting.tests.DataDrivenTestingUsingJSONFile">
        <test-method signature="DataDrivenTestingusingJSON(java.util.HashMap)[pri:0, instance:com.testautomation.apitesting.tests.DataDrivenTestingUsingJSONFile@22bdb1d0]" started-at="2023-07-16T21:30:28 IST" name="DataDrivenTestingusingJSON" data-provider="getTestData" finished-at="2023-07-16T21:30:32 IST" duration-ms="4845" status="PASS">
          <params>
            <param index="0">
              <value>
                <![CDATA[{firstname=Harish Testing, lastname=Using JSON, additionalneeds=Car}]]>
              </value>
            </param>
          </params>
          <reporter-output>
          </reporter-output>
        </test-method> <!-- DataDrivenTestingusingJSON -->
        <test-method signature="DataDrivenTestingusingJSON(java.util.HashMap)[pri:0, instance:com.testautomation.apitesting.tests.DataDrivenTestingUsingJSONFile@22bdb1d0]" started-at="2023-07-16T21:30:33 IST" name="DataDrivenTestingusingJSON" data-provider="getTestData" finished-at="2023-07-16T21:30:34 IST" duration-ms="1166" status="PASS">
          <params>
            <param index="0">
              <value>
                <![CDATA[{firstname=Harish Testing, lastname=Using JSON, additionalneeds=Trek}]]>
              </value>
            </param>
          </params>
          <reporter-output>
          </reporter-output>
        </test-method> <!-- DataDrivenTestingusingJSON -->
        <test-method signature="DataDrivenTestingusingJSON(java.util.HashMap)[pri:0, instance:com.testautomation.apitesting.tests.DataDrivenTestingUsingJSONFile@22bdb1d0]" started-at="2023-07-16T21:30:34 IST" name="DataDrivenTestingusingJSON" data-provider="getTestData" finished-at="2023-07-16T21:30:35 IST" duration-ms="1185" status="PASS">
          <params>
            <param index="0">
              <value>
                <![CDATA[{firstname=Harish Testing, lastname=Using JSON, additionalneeds=fuel}]]>
              </value>
            </param>
          </params>
          <reporter-output>
          </reporter-output>
        </test-method> <!-- DataDrivenTestingusingJSON -->
        <test-method signature="DataDrivenTestingusingJSON(java.util.HashMap)[pri:0, instance:com.testautomation.apitesting.tests.DataDrivenTestingUsingJSONFile@22bdb1d0]" started-at="2023-07-16T21:30:35 IST" name="DataDrivenTestingusingJSON" data-provider="getTestData" finished-at="2023-07-16T21:30:36 IST" duration-ms="1140" status="PASS">
          <params>
            <param index="0">
              <value>
                <![CDATA[{firstname=Harish Testing, lastname=Using JSON, additionalneeds=Travel}]]>
              </value>
            </param>
          </params>
          <reporter-output>
          </reporter-output>
        </test-method> <!-- DataDrivenTestingusingJSON -->
      </class> <!-- com.testautomation.apitesting.tests.DataDrivenTestingUsingJSONFile -->
    </test> <!-- Test -->
  </suite> <!-- Suite -->
</testng-results>
