<?xml version="1.0" encoding="UTF-8"?>
<testng-results ignored="0" total="1" passed="1" failed="0" skipped="0">
  <reporter-output>
  </reporter-output>
  <suite started-at="2023-07-12T02:11:45 IST" name="Suite" finished-at="2023-07-12T02:11:55 IST" duration-ms="10229">
    <groups>
    </groups>
    <test started-at="2023-07-12T02:11:45 IST" name="Test" finished-at="2023-07-12T02:11:55 IST" duration-ms="10229">
      <class name="com.testautomation.apitesting.tests.EndToEndAPITest">
        <test-method is-config="true" signature="beforeMethod()[pri:0, instance:com.testautomation.apitesting.tests.EndToEndAPITest@703580bf]" started-at="2023-07-12T02:11:45 IST" name="beforeMethod" finished-at="2023-07-12T02:11:46 IST" duration-ms="520" status="PASS">
          <reporter-output>
          </reporter-output>
        </test-method> <!-- beforeMethod -->
        <test-method signature="patchAPIRequest()[pri:0, instance:com.testautomation.apitesting.tests.EndToEndAPITest@703580bf]" started-at="2023-07-12T02:11:46 IST" name="patchAPIRequest" finished-at="2023-07-12T02:11:55 IST" duration-ms="9665" status="PASS">
          <reporter-output>
          </reporter-output>
        </test-method> <!-- patchAPIRequest -->
      </class> <!-- com.testautomation.apitesting.tests.EndToEndAPITest -->
    </test> <!-- Test -->
  </suite> <!-- Suite -->
</testng-results>
